<?xml version="1.0" encoding="UTF-8"?>
<robot generator="Robot 6.1.1 (Python 3.11.6 on win32)" generated="20231118 23:16:11.221" rpa="false" schemaversion="4">
<suite id="s1" name="Tests" source="C:\Users\sebas\OHTU\ohtu-palautukset\viikko3\login-robot\src\tests">
<suite id="s1-s1" name="Login" source="C:\Users\sebas\OHTU\ohtu-palautukset\viikko3\login-robot\src\tests\login.robot">
<test id="s1-s1-t1" name="Login With Correct Credentials" line="6">
<kw name="Create User And Input Login Command" type="SETUP">
<kw name="Create User" library="AppLibrary">
<arg>kalle</arg>
<arg>kalle123</arg>
<status status="PASS" starttime="20231118 23:16:11.257" endtime="20231118 23:16:11.257"/>
</kw>
<kw name="Input Login Command" library="resource">
<kw name="Input" library="AppLibrary">
<arg>login</arg>
<status status="PASS" starttime="20231118 23:16:11.257" endtime="20231118 23:16:11.257"/>
</kw>
<status status="PASS" starttime="20231118 23:16:11.257" endtime="20231118 23:16:11.257"/>
</kw>
<status status="PASS" starttime="20231118 23:16:11.257" endtime="20231118 23:16:11.257"/>
</kw>
<kw name="Input Credentials" library="resource">
<arg>kalle</arg>
<arg>kalle123</arg>
<kw name="Input" library="AppLibrary">
<arg>${username}</arg>
<status status="PASS" starttime="20231118 23:16:11.258" endtime="20231118 23:16:11.258"/>
</kw>
<kw name="Input" library="AppLibrary">
<arg>${password}</arg>
<status status="PASS" starttime="20231118 23:16:11.258" endtime="20231118 23:16:11.258"/>
</kw>
<kw name="Run Application" library="AppLibrary">
<status status="PASS" starttime="20231118 23:16:11.258" endtime="20231118 23:16:11.258"/>
</kw>
<status status="PASS" starttime="20231118 23:16:11.258" endtime="20231118 23:16:11.258"/>
</kw>
<kw name="Output Should Contain" library="AppLibrary">
<arg>Logged in</arg>
<status status="PASS" starttime="20231118 23:16:11.258" endtime="20231118 23:16:11.258"/>
</kw>
<status status="PASS" starttime="20231118 23:16:11.256" endtime="20231118 23:16:11.258"/>
</test>
<test id="s1-s1-t2" name="Login With Incorrect Password" line="10">
<kw name="Create User And Input Login Command" type="SETUP">
<kw name="Create User" library="AppLibrary">
<arg>kalle</arg>
<arg>kalle123</arg>
<status status="PASS" starttime="20231118 23:16:11.259" endtime="20231118 23:16:11.259"/>
</kw>
<kw name="Input Login Command" library="resource">
<kw name="Input" library="AppLibrary">
<arg>login</arg>
<status status="PASS" starttime="20231118 23:16:11.259" endtime="20231118 23:16:11.259"/>
</kw>
<status status="PASS" starttime="20231118 23:16:11.259" endtime="20231118 23:16:11.259"/>
</kw>
<status status="PASS" starttime="20231118 23:16:11.259" endtime="20231118 23:16:11.259"/>
</kw>
<kw name="Input Credentials" library="resource">
<arg>kalle</arg>
<arg>kalle12341</arg>
<kw name="Input" library="AppLibrary">
<arg>${username}</arg>
<status status="PASS" starttime="20231118 23:16:11.259" endtime="20231118 23:16:11.259"/>
</kw>
<kw name="Input" library="AppLibrary">
<arg>${password}</arg>
<status status="PASS" starttime="20231118 23:16:11.259" endtime="20231118 23:16:11.260"/>
</kw>
<kw name="Run Application" library="AppLibrary">
<status status="PASS" starttime="20231118 23:16:11.260" endtime="20231118 23:16:11.260"/>
</kw>
<status status="PASS" starttime="20231118 23:16:11.259" endtime="20231118 23:16:11.260"/>
</kw>
<kw name="Output Should Contain" library="AppLibrary">
<arg>Invalid username or password</arg>
<status status="PASS" starttime="20231118 23:16:11.260" endtime="20231118 23:16:11.260"/>
</kw>
<status status="PASS" starttime="20231118 23:16:11.258" endtime="20231118 23:16:11.260"/>
</test>
<test id="s1-s1-t3" name="Login With Nonexistent Username" line="14">
<kw name="Create User And Input Login Command" type="SETUP">
<kw name="Create User" library="AppLibrary">
<arg>kalle</arg>
<arg>kalle123</arg>
<status status="PASS" starttime="20231118 23:16:11.260" endtime="20231118 23:16:11.260"/>
</kw>
<kw name="Input Login Command" library="resource">
<kw name="Input" library="AppLibrary">
<arg>login</arg>
<status status="PASS" starttime="20231118 23:16:11.261" endtime="20231118 23:16:11.261"/>
</kw>
<status status="PASS" starttime="20231118 23:16:11.260" endtime="20231118 23:16:11.261"/>
</kw>
<status status="PASS" starttime="20231118 23:16:11.260" endtime="20231118 23:16:11.261"/>
</kw>
<kw name="Input Credentials" library="resource">
<arg>kall22e</arg>
<arg>kalle123</arg>
<kw name="Input" library="AppLibrary">
<arg>${username}</arg>
<status status="PASS" starttime="20231118 23:16:11.261" endtime="20231118 23:16:11.261"/>
</kw>
<kw name="Input" library="AppLibrary">
<arg>${password}</arg>
<status status="PASS" starttime="20231118 23:16:11.261" endtime="20231118 23:16:11.261"/>
</kw>
<kw name="Run Application" library="AppLibrary">
<status status="PASS" starttime="20231118 23:16:11.261" endtime="20231118 23:16:11.261"/>
</kw>
<status status="PASS" starttime="20231118 23:16:11.261" endtime="20231118 23:16:11.261"/>
</kw>
<kw name="Output Should Contain" library="AppLibrary">
<arg>Invalid username or password</arg>
<status status="PASS" starttime="20231118 23:16:11.261" endtime="20231118 23:16:11.261"/>
</kw>
<status status="PASS" starttime="20231118 23:16:11.260" endtime="20231118 23:16:11.261"/>
</test>
<status status="PASS" starttime="20231118 23:16:11.243" endtime="20231118 23:16:11.262"/>
</suite>
<suite id="s1-s2" name="Register" source="C:\Users\sebas\OHTU\ohtu-palautukset\viikko3\login-robot\src\tests\register.robot">
<test id="s1-s2-t1" name="Register With Valid Username And Password" line="5">
<kw name="Input" library="AppLibrary">
<arg>new</arg>
<status status="PASS" starttime="20231118 23:16:11.267" endtime="20231118 23:16:11.267"/>
</kw>
<kw name="Input Credentials" library="resource">
<arg>ville</arg>
<arg>ville123</arg>
<kw name="Input" library="AppLibrary">
<arg>${username}</arg>
<status status="PASS" starttime="20231118 23:16:11.267" endtime="20231118 23:16:11.267"/>
</kw>
<kw name="Input" library="AppLibrary">
<arg>${password}</arg>
<status status="PASS" starttime="20231118 23:16:11.267" endtime="20231118 23:16:11.267"/>
</kw>
<kw name="Run Application" library="AppLibrary">
<status status="PASS" starttime="20231118 23:16:11.267" endtime="20231118 23:16:11.267"/>
</kw>
<status status="PASS" starttime="20231118 23:16:11.267" endtime="20231118 23:16:11.268"/>
</kw>
<kw name="Output Should Contain" library="AppLibrary">
<arg>New user registered</arg>
<status status="PASS" starttime="20231118 23:16:11.268" endtime="20231118 23:16:11.268"/>
</kw>
<status status="PASS" starttime="20231118 23:16:11.267" endtime="20231118 23:16:11.268"/>
</test>
<test id="s1-s2-t2" name="Register With Already Taken Username And Valid Password" line="10">
<kw name="Input" library="AppLibrary">
<arg>new</arg>
<status status="PASS" starttime="20231118 23:16:11.268" endtime="20231118 23:16:11.268"/>
</kw>
<kw name="Input Credentials" library="resource">
<arg>ville</arg>
<arg>ville123</arg>
<kw name="Input" library="AppLibrary">
<arg>${username}</arg>
<status status="PASS" starttime="20231118 23:16:11.268" endtime="20231118 23:16:11.268"/>
</kw>
<kw name="Input" library="AppLibrary">
<arg>${password}</arg>
<status status="PASS" starttime="20231118 23:16:11.268" endtime="20231118 23:16:11.268"/>
</kw>
<kw name="Run Application" library="AppLibrary">
<status status="PASS" starttime="20231118 23:16:11.268" endtime="20231118 23:16:11.269"/>
</kw>
<status status="PASS" starttime="20231118 23:16:11.268" endtime="20231118 23:16:11.269"/>
</kw>
<kw name="Input" library="AppLibrary">
<arg>new</arg>
<status status="PASS" starttime="20231118 23:16:11.269" endtime="20231118 23:16:11.269"/>
</kw>
<kw name="Input Credentials" library="resource">
<arg>ville</arg>
<arg>ville456</arg>
<kw name="Input" library="AppLibrary">
<arg>${username}</arg>
<status status="PASS" starttime="20231118 23:16:11.269" endtime="20231118 23:16:11.269"/>
</kw>
<kw name="Input" library="AppLibrary">
<arg>${password}</arg>
<status status="PASS" starttime="20231118 23:16:11.269" endtime="20231118 23:16:11.269"/>
</kw>
<kw name="Run Application" library="AppLibrary">
<status status="PASS" starttime="20231118 23:16:11.269" endtime="20231118 23:16:11.269"/>
</kw>
<status status="PASS" starttime="20231118 23:16:11.269" endtime="20231118 23:16:11.269"/>
</kw>
<kw name="Output Should Contain" library="AppLibrary">
<arg>User with username ville already exists</arg>
<status status="PASS" starttime="20231118 23:16:11.269" endtime="20231118 23:16:11.269"/>
</kw>
<status status="PASS" starttime="20231118 23:16:11.268" endtime="20231118 23:16:11.269"/>
</test>
<test id="s1-s2-t3" name="Register With Too Short Username And Valid Password" line="17">
<kw name="Input" library="AppLibrary">
<arg>new</arg>
<status status="PASS" starttime="20231118 23:16:11.270" endtime="20231118 23:16:11.270"/>
</kw>
<kw name="Input Credentials" library="resource">
<arg>vi</arg>
<arg>ville456</arg>
<kw name="Input" library="AppLibrary">
<arg>${username}</arg>
<status status="PASS" starttime="20231118 23:16:11.270" endtime="20231118 23:16:11.270"/>
</kw>
<kw name="Input" library="AppLibrary">
<arg>${password}</arg>
<status status="PASS" starttime="20231118 23:16:11.270" endtime="20231118 23:16:11.270"/>
</kw>
<kw name="Run Application" library="AppLibrary">
<status status="PASS" starttime="20231118 23:16:11.270" endtime="20231118 23:16:11.270"/>
</kw>
<status status="PASS" starttime="20231118 23:16:11.270" endtime="20231118 23:16:11.270"/>
</kw>
<kw name="Output Should Contain" library="AppLibrary">
<arg>Username is too short</arg>
<status status="PASS" starttime="20231118 23:16:11.270" endtime="20231118 23:16:11.270"/>
</kw>
<status status="PASS" starttime="20231118 23:16:11.269" endtime="20231118 23:16:11.270"/>
</test>
<test id="s1-s2-t4" name="Register With Enough Long But Invalid Username And Valid Password" line="22">
<kw name="Input" library="AppLibrary">
<arg>new</arg>
<status status="PASS" starttime="20231118 23:16:11.271" endtime="20231118 23:16:11.271"/>
</kw>
<kw name="Input Credentials" library="resource">
<arg>vi223</arg>
<arg>ville456</arg>
<kw name="Input" library="AppLibrary">
<arg>${username}</arg>
<status status="PASS" starttime="20231118 23:16:11.271" endtime="20231118 23:16:11.271"/>
</kw>
<kw name="Input" library="AppLibrary">
<arg>${password}</arg>
<status status="PASS" starttime="20231118 23:16:11.271" endtime="20231118 23:16:11.271"/>
</kw>
<kw name="Run Application" library="AppLibrary">
<status status="PASS" starttime="20231118 23:16:11.271" endtime="20231118 23:16:11.271"/>
</kw>
<status status="PASS" starttime="20231118 23:16:11.271" endtime="20231118 23:16:11.271"/>
</kw>
<kw name="Output Should Contain" library="AppLibrary">
<arg>Username does not contain only letters</arg>
<status status="PASS" starttime="20231118 23:16:11.271" endtime="20231118 23:16:11.271"/>
</kw>
<status status="PASS" starttime="20231118 23:16:11.270" endtime="20231118 23:16:11.272"/>
</test>
<test id="s1-s2-t5" name="Register With Valid Username And Too Short Password" line="27">
<kw name="Input" library="AppLibrary">
<arg>new</arg>
<status status="PASS" starttime="20231118 23:16:11.272" endtime="20231118 23:16:11.272"/>
</kw>
<kw name="Input Credentials" library="resource">
<arg>ville</arg>
<arg>vil2</arg>
<kw name="Input" library="AppLibrary">
<arg>${username}</arg>
<status status="PASS" starttime="20231118 23:16:11.272" endtime="20231118 23:16:11.272"/>
</kw>
<kw name="Input" library="AppLibrary">
<arg>${password}</arg>
<status status="PASS" starttime="20231118 23:16:11.272" endtime="20231118 23:16:11.272"/>
</kw>
<kw name="Run Application" library="AppLibrary">
<status status="PASS" starttime="20231118 23:16:11.272" endtime="20231118 23:16:11.272"/>
</kw>
<status status="PASS" starttime="20231118 23:16:11.272" endtime="20231118 23:16:11.272"/>
</kw>
<kw name="Output Should Contain" library="AppLibrary">
<arg>Password is too short</arg>
<status status="PASS" starttime="20231118 23:16:11.272" endtime="20231118 23:16:11.273"/>
</kw>
<status status="PASS" starttime="20231118 23:16:11.272" endtime="20231118 23:16:11.273"/>
</test>
<test id="s1-s2-t6" name="Register With Valid Username And Long Enough Password Containing Only Letters" line="32">
<kw name="Input" library="AppLibrary">
<arg>new</arg>
<status status="PASS" starttime="20231118 23:16:11.273" endtime="20231118 23:16:11.273"/>
</kw>
<kw name="Input Credentials" library="resource">
<arg>ville</arg>
<arg>villllellle</arg>
<kw name="Input" library="AppLibrary">
<arg>${username}</arg>
<status status="PASS" starttime="20231118 23:16:11.273" endtime="20231118 23:16:11.273"/>
</kw>
<kw name="Input" library="AppLibrary">
<arg>${password}</arg>
<status status="PASS" starttime="20231118 23:16:11.273" endtime="20231118 23:16:11.273"/>
</kw>
<kw name="Run Application" library="AppLibrary">
<status status="PASS" starttime="20231118 23:16:11.273" endtime="20231118 23:16:11.273"/>
</kw>
<status status="PASS" starttime="20231118 23:16:11.273" endtime="20231118 23:16:11.273"/>
</kw>
<kw name="Output Should Contain" library="AppLibrary">
<arg>Password must not contain only letters</arg>
<status status="PASS" starttime="20231118 23:16:11.273" endtime="20231118 23:16:11.274"/>
</kw>
<status status="PASS" starttime="20231118 23:16:11.273" endtime="20231118 23:16:11.274"/>
</test>
<status status="PASS" starttime="20231118 23:16:11.262" endtime="20231118 23:16:11.274"/>
</suite>
<status status="PASS" starttime="20231118 23:16:11.223" endtime="20231118 23:16:11.274"/>
</suite>
<statistics>
<total>
<stat pass="9" fail="0" skip="0">All Tests</stat>
</total>
<tag>
</tag>
<suite>
<stat pass="9" fail="0" skip="0" id="s1" name="Tests">Tests</stat>
<stat pass="3" fail="0" skip="0" id="s1-s1" name="Login">Tests.Login</stat>
<stat pass="6" fail="0" skip="0" id="s1-s2" name="Register">Tests.Register</stat>
</suite>
</statistics>
<errors>
</errors>
</robot>
